{"/home/jakeymac/pose tethys js testing files/tethys/tethys_cli/scaffold_templates/app_templates/react/reactapp/views/home/Home.js": {"path":"/home/jakeymac/pose tethys js testing files/tethys/tethys_cli/scaffold_templates/app_templates/react/reactapp/views/home/Home.js","statementMap":{"0":{"start":{"line":20,"column":24},"end":{"line":20,"column":38}},"1":{"start":{"line":21,"column":24},"end":{"line":21,"column":32}},"2":{"start":{"line":22,"column":17},"end":{"line":22,"column":25}},"3":{"start":{"line":23,"column":19},"end":{"line":23,"column":27}},"4":{"start":{"line":24,"column":2},"end":{"line":24,"column":23}},"5":{"start":{"line":26,"column":2},"end":{"line":114,"column":9}},"6":{"start":{"line":28,"column":4},"end":{"line":30,"column":5}},"7":{"start":{"line":29,"column":6},"end":{"line":29,"column":13}},"8":{"start":{"line":33,"column":23},"end":{"line":33,"column":52}},"9":{"start":{"line":34,"column":4},"end":{"line":34,"column":74}},"10":{"start":{"line":35,"column":4},"end":{"line":35,"column":50}},"11":{"start":{"line":36,"column":4},"end":{"line":36,"column":47}},"12":{"start":{"line":39,"column":25},"end":{"line":39,"column":61}},"13":{"start":{"line":40,"column":22},"end":{"line":42,"column":6}},"14":{"start":{"line":44,"column":4},"end":{"line":57,"column":6}},"15":{"start":{"line":59,"column":25},"end":{"line":61,"column":6}},"16":{"start":{"line":63,"column":24},"end":{"line":65,"column":6}},"17":{"start":{"line":67,"column":23},"end":{"line":79,"column":6}},"18":{"start":{"line":82,"column":27},"end":{"line":93,"column":6}},"19":{"start":{"line":95,"column":30},"end":{"line":95,"column":64}},"20":{"start":{"line":96,"column":4},"end":{"line":96,"column":49}},"21":{"start":{"line":99,"column":18},"end":{"line":103,"column":6}},"22":{"start":{"line":104,"column":4},"end":{"line":104,"column":33}},"23":{"start":{"line":107,"column":4},"end":{"line":111,"column":7}},"24":{"start":{"line":108,"column":18},"end":{"line":108,"column":63}},"25":{"start":{"line":109,"column":6},"end":{"line":109,"column":50}},"26":{"start":{"line":110,"column":6},"end":{"line":110,"column":29}},"27":{"start":{"line":113,"column":4},"end":{"line":113,"column":23}},"28":{"start":{"line":116,"column":2},"end":{"line":128,"column":4}}},"fnMap":{"0":{"name":"Home","decl":{"start":{"line":19,"column":9},"end":{"line":19,"column":13}},"loc":{"start":{"line":19,"column":16},"end":{"line":129,"column":1}},"line":19},"1":{"name":"(anonymous_1)","decl":{"start":{"line":26,"column":12},"end":{"line":26,"column":13}},"loc":{"start":{"line":26,"column":18},"end":{"line":114,"column":3}},"line":26},"2":{"name":"(anonymous_2)","decl":{"start":{"line":107,"column":35},"end":{"line":107,"column":36}},"loc":{"start":{"line":107,"column":44},"end":{"line":111,"column":5}},"line":107}},"branchMap":{"0":{"loc":{"start":{"line":28,"column":4},"end":{"line":30,"column":5}},"type":"if","locations":[{"start":{"line":28,"column":4},"end":{"line":30,"column":5}},{"start":{},"end":{}}],"line":28},"1":{"loc":{"start":{"line":108,"column":18},"end":{"line":108,"column":63}},"type":"cond-expr","locations":[{"start":{"line":108,"column":44},"end":{"line":108,"column":56}},{"start":{"line":108,"column":59},"end":{"line":108,"column":63}}],"line":108}},"s":{"0":4,"1":4,"2":4,"3":4,"4":4,"5":4,"6":2,"7":0,"8":2,"9":2,"10":2,"11":2,"12":2,"13":2,"14":2,"15":2,"16":2,"17":2,"18":2,"19":2,"20":2,"21":2,"22":2,"23":2,"24":0,"25":0,"26":0,"27":2,"28":4},"f":{"0":4,"1":2,"2":0},"b":{"0":[0,2],"1":[0,0]},"_coverageSchema":"1a1c01bbd47fc00a2c39e90264f33305004495a9","hash":"ec40f3643eeb3763569fc42c3e5780f2b23c6f32"}
,"/home/jakeymac/pose tethys js testing files/tethys/tethys_cli/scaffold_templates/app_templates/react/reactapp/views/learn/LearnReact.js": {"path":"/home/jakeymac/pose tethys js testing files/tethys/tethys_cli/scaffold_templates/app_templates/react/reactapp/views/learn/LearnReact.js","statementMap":{"0":{"start":{"line":9,"column":15},"end":{"line":16,"column":1}},"1":{"start":{"line":18,"column":15},"end":{"line":22,"column":1}},"2":{"start":{"line":24,"column":20},"end":{"line":27,"column":1}},"3":{"start":{"line":29,"column":19},"end":{"line":38,"column":1}},"4":{"start":{"line":40,"column":18},"end":{"line":46,"column":1}},"5":{"start":{"line":50,"column":19},"end":{"line":50,"column":94}},"6":{"start":{"line":51,"column":23},"end":{"line":51,"column":84}},"7":{"start":{"line":51,"column":37},"end":{"line":51,"column":71}},"8":{"start":{"line":53,"column":2},"end":{"line":72,"column":4}}},"fnMap":{"0":{"name":"LearnReact","decl":{"start":{"line":48,"column":9},"end":{"line":48,"column":19}},"loc":{"start":{"line":48,"column":22},"end":{"line":73,"column":1}},"line":48},"1":{"name":"(anonymous_1)","decl":{"start":{"line":51,"column":31},"end":{"line":51,"column":32}},"loc":{"start":{"line":51,"column":37},"end":{"line":51,"column":71}},"line":51}},"branchMap":{},"s":{"0":1,"1":1,"2":1,"3":1,"4":1,"5":1,"6":1,"7":1,"8":1},"f":{"0":1,"1":1},"b":{},"_coverageSchema":"1a1c01bbd47fc00a2c39e90264f33305004495a9","hash":"385672a718749c33928e19ce7633aa38f3bd1611"}
}
