TN:
SF:tethys_cli/scaffold_templates/app_templates/react/reactapp/views/home/Home.js
FN:19,Home
FN:26,(anonymous_1)
FN:107,(anonymous_2)
FNF:3
FNH:2
FNDA:4,Home
FNDA:2,(anonymous_1)
FNDA:0,(anonymous_2)
DA:20,4
DA:21,4
DA:22,4
DA:23,4
DA:24,4
DA:26,4
DA:28,2
DA:29,0
DA:33,2
DA:34,2
DA:35,2
DA:36,2
DA:39,2
DA:40,2
DA:44,2
DA:59,2
DA:63,2
DA:67,2
DA:82,2
DA:95,2
DA:96,2
DA:99,2
DA:104,2
DA:107,2
DA:108,0
DA:109,0
DA:110,0
DA:113,2
DA:116,4
LF:29
LH:25
BRDA:28,0,0,0
BRDA:28,0,1,2
BRDA:108,1,0,0
BRDA:108,1,1,0
BRF:4
BRH:1
end_of_record
TN:
SF:tethys_cli/scaffold_templates/app_templates/react/reactapp/views/learn/LearnReact.js
FN:48,LearnReact
FN:51,(anonymous_1)
FNF:2
FNH:2
FNDA:1,LearnReact
FNDA:1,(anonymous_1)
DA:9,1
DA:18,1
DA:24,1
DA:29,1
DA:40,1
DA:50,1
DA:51,1
DA:53,1
LF:8
LH:8
BRF:0
BRH:0
end_of_record
